[2024-03-12T15:29:44.294277+00:00] Nuazsa\Logging\Member\Person.INFO: Set Person {"name":"joko"} []
[2024-03-12T15:29:44.319132+00:00] Nuazsa\Logging\Member\Person.INFO: Set Person {"name":"bodi"} []
[2024-03-12T15:29:44.319397+00:00] Nuazsa\Logging\Member\Person.INFO: Set Person {"name":"bimo"} []
[2024-03-12T15:29:44.323469+00:00] Nuazsa\Logging\Member\Person.INFO: Set Person {"name":"noni"} []
[2024-03-12T15:29:44.323604+00:00] Nuazsa\Logging\Member\Person.INFO: Set Person {"name":"Azis"} []
[2024-03-12T15:29:44.323708+00:00] Nuazsa\Logging\Member\Person.INFO: Get Person {"name":"Azis"} []
[2024-03-12T15:29:50.263689+00:00] Nuazsa\Logging\Member\Person.INFO: Set Person {"name":"Nur Azis Saputra"} []
[2024-03-12T15:29:50.271053+00:00] Nuazsa\Logging\Member\Person.INFO: Set Person {"name":"Nur Azis"} []
[2024-03-12T15:29:50.271254+00:00] Nuazsa\Logging\Member\Person.INFO: Set Person {"name":"Azis"} []
[2024-03-12T15:29:50.271347+00:00] Nuazsa\Logging\Member\Person.INFO: Get Person {"name":"Azis"} []
[2024-03-12T15:32:34.344826+00:00] Nuazsa\Logging\Member\Person.INFO: Set Person {"name":"Nur Azis Saputra"} []
[2024-03-12T15:32:34.351547+00:00] Nuazsa\Logging\Member\Person.INFO: Set Person {"name":"Nur Azis"} []
[2024-03-12T15:32:34.351737+00:00] Nuazsa\Logging\Member\Person.INFO: Set Person {"name":"Azis"} []
[2024-03-12T15:32:34.351868+00:00] Nuazsa\Logging\Member\Person.INFO: Get Person {"name":"Azis"} []
[2024-03-12T15:32:38.045744+00:00] Nuazsa\Logging\Member\Person.INFO: Set Person {"name":"Nur Azis Saputra"} []
[2024-03-12T15:32:38.052044+00:00] Nuazsa\Logging\Member\Person.INFO: Set Person {"name":"Nur Azis"} []
[2024-03-12T15:32:38.052245+00:00] Nuazsa\Logging\Member\Person.INFO: Set Person {"name":"Azis"} []
[2024-03-12T15:32:38.052338+00:00] Nuazsa\Logging\Member\Person.INFO: Get Person {"name":"Azis"} []
[2024-03-12T15:32:51.975304+00:00] Nuazsa\Logging\Member\Person.INFO: Set Person {"name":"Azis"} []
[2024-03-12T15:32:51.982406+00:00] Nuazsa\Logging\Member\Person.INFO: Get Person {"name":"Azis"} []
